<?xml version="1.0" encoding="UTF-8"?>
<!-- Generated by org.testng.reporters.JUnitReportReporter -->
<testsuite hostname="DESKTOP-0RQF8FK" name="calculator.tests.AddtionTest" tests="1" failures="0" timestamp="25 Mar 2021 05:05:45 GMT" time="5.603" errors="0">
  <testcase name="checkAddition" time="5.603" classname="calculator.tests.AddtionTest"/>
</testsuite> <!-- calculator.tests.AddtionTest -->
