<?xml version="1.0" encoding="UTF-8"?>
<!-- Generated by org.testng.reporters.JUnitReportReporter -->
<testsuite hostname="DESKTOP-0RQF8FK" name="calculator.tests.DivisionTest" tests="1" failures="0" timestamp="26 Mar 2021 04:42:15 GMT" time="5.483" errors="0">
  <testcase name="checkDivision" time="5.483" classname="calculator.tests.DivisionTest"/>
</testsuite> <!-- calculator.tests.DivisionTest -->
