<?xml version="1.0" encoding="UTF-8"?>
<!-- Generated by org.testng.reporters.JUnitReportReporter -->
<testsuite hostname="DESKTOP-0RQF8FK" name="calculator.tests.SubtractionTest" tests="1" failures="0" timestamp="26 Mar 2021 04:42:15 GMT" time="5.561" errors="0">
  <testcase name="checkSubtract" time="5.561" classname="calculator.tests.SubtractionTest"/>
</testsuite> <!-- calculator.tests.SubtractionTest -->
